Build started 2016-01-12 21:53:40.
     1>Project "C:\Users\Diego\Desktop\projekt z sieci\toetictac-master\toetictac\toetictac.vcxproj" on node 2 (Rebuild target(s)).
     1>CustomBuild:
         Moc'ing toetictac.h...
         Uic'ing toetictac.ui...
         Rcc'ing toetictac.qrc...
     1>RCC : warning : No resources in 'C:\Users\Diego\Desktop\projekt z sieci\toetictac-master\toetictac\toetictac.qrc'.
         
       ClCompile:
         C:\Program Files (x86)\VisualStudio\VC\bin\CL.exe /c /I.\GeneratedFiles /I. /IC:\Qt32\Qt5.5.1\5.5\msvc2013\include /I.\GeneratedFiles\Release /IC:\Qt32\Qt5.5.1\5.5\msvc2013\include\QtCore /IC:\Qt32\Qt5.5.1\5.5\msvc2013\include\QtGui /IC:\Qt32\Qt5.5.1\5.5\msvc2013\include\QtWidgets /IC:\Qt32\Qt5.5.1\5.5\msvc2013\include\QtNetwork /nologo /W1 /WX- /O2 /Oy- /D UNICODE /D WIN32 /D WIN64 /D QT_DLL /D QT_NO_DEBUG /D NDEBUG /D QT_CORE_LIB /D QT_GUI_LIB /D QT_WIDGETS_LIB /D QT_NETWORK_LIB /Gm- /EHsc /MD /GS /fp:precise /Zc:wchar_t /Zc:forScope /Fo"Release\\" /Fd"Release\vc120.pdb" /Gd /TP /analyze- /errorReport:prompt GeneratedFiles\qrc_toetictac.cpp
         qrc_toetictac.cpp
         C:\Program Files (x86)\VisualStudio\VC\bin\CL.exe /c /I.\GeneratedFiles /I. /IC:\Qt32\Qt5.5.1\5.5\msvc2013\include /I.\GeneratedFiles\Release /IC:\Qt32\Qt5.5.1\5.5\msvc2013\include\QtCore /IC:\Qt32\Qt5.5.1\5.5\msvc2013\include\QtGui /IC:\Qt32\Qt5.5.1\5.5\msvc2013\include\QtWidgets /IC:\Qt32\Qt5.5.1\5.5\msvc2013\include\QtNetwork /nologo /W1 /WX- /O2 /Oy- /D UNICODE /D WIN32 /D WIN64 /D QT_DLL /D QT_NO_DEBUG /D NDEBUG /D QT_CORE_LIB /D QT_GUI_LIB /D QT_WIDGETS_LIB /D QT_NETWORK_LIB /Gm- /EHsc /MD /GS /fp:precise /Zc:wchar_t /Zc:forScope /Fo"Release\\" /Fd"Release\vc120.pdb" /Gd /TP /analyze- /errorReport:prompt GeneratedFiles\Release\moc_toetictac.cpp toetictac.cpp main.cpp
         moc_toetictac.cpp
         toetictac.cpp
         main.cpp
         Generating Code...
       Link:
         C:\Program Files (x86)\VisualStudio\VC\bin\link.exe /ERRORREPORT:PROMPT /OUT:"C:\Users\Diego\Desktop\projekt z sieci\toetictac-master\Win32\Release\\toetictac.exe" /NOLOGO /LIBPATH:C:\Qt32\Qt5.5.1\5.5\msvc2013\lib qtmain.lib Qt5Core.lib Qt5Gui.lib Qt5Widgets.lib Qt5Network.lib kernel32.lib user32.lib gdi32.lib winspool.lib comdlg32.lib advapi32.lib shell32.lib ole32.lib oleaut32.lib uuid.lib odbc32.lib odbccp32.lib /MANIFEST /MANIFESTUAC:"level='asInvoker' uiAccess='false'" /manifest:embed /PDB:"C:\Users\Diego\Desktop\projekt z sieci\toetictac-master\Win32\Release\toetictac.pdb" /SUBSYSTEM:WINDOWS /TLBID:1 /DYNAMICBASE /NXCOMPAT /IMPLIB:"C:\Users\Diego\Desktop\projekt z sieci\toetictac-master\Win32\Release\toetictac.lib" /MACHINE:X86 /SAFESEH Release\qrc_toetictac.obj
         Release\moc_toetictac.obj
         Release\toetictac.obj
         Release\main.obj
         toetictac.vcxproj -> C:\Users\Diego\Desktop\projekt z sieci\toetictac-master\Win32\Release\toetictac.exe
     1>Done Building Project "C:\Users\Diego\Desktop\projekt z sieci\toetictac-master\toetictac\toetictac.vcxproj" (Rebuild target(s)).

Build succeeded.

Time Elapsed 00:00:04.70
