Build started 2016-01-04 21:14:22.
     1>Project "c:\Users\F_SNCHZ\documents\visual studio 2013\Projects\DropBasket\DropBasket\DropBasket.vcxproj" on node 2 (Build target(s)).
     1>CustomBuild:
         Moc'ing dropbasket.h...
         Uic'ing dropbasket.ui...
       ClCompile:
         C:\Program Files\Microsoft Visual Studio 12.0\VC\bin\CL.exe /c /I.\GeneratedFiles /I. /IC:\Qt\Qt5.5.1\5.5\msvc2013\include /I.\GeneratedFiles\Debug /IC:\Qt\Qt5.5.1\5.5\msvc2013\include\QtCore /IC:\Qt\Qt5.5.1\5.5\msvc2013\include\QtGui /IC:\Qt\Qt5.5.1\5.5\msvc2013\include\QtWidgets /IC:\Qt\Qt5.5.1\5.5\msvc2013\include\QtNetwork /Zi /nologo /W1 /WX- /Od /Oy- /D UNICODE /D WIN32 /D WIN64 /D QT_DLL /D QT_CORE_LIB /D QT_GUI_LIB /D QT_WIDGETS_LIB /D QT_NETWORK_LIB /Gm- /EHsc /MDd /GS /fp:precise /Zc:wchar_t /Zc:forScope /Fo"Debug\\" /Fd"Debug\vc120.pdb" /Gd /TP /analyze- /errorReport:prompt GeneratedFiles\Debug\moc_dropbasket.cpp dropbasket.cpp main.cpp
         moc_dropbasket.cpp
         dropbasket.cpp
         main.cpp
         Generating Code...
       Link:
         C:\Program Files\Microsoft Visual Studio 12.0\VC\bin\link.exe /ERRORREPORT:PROMPT /OUT:"c:\users\f_snchz\documents\visual studio 2013\Projects\DropBasket\Win32\Debug\\DropBasket.exe" /NOLOGO /LIBPATH:C:\Qt\Qt5.5.1\5.5\msvc2013\lib qtmaind.lib Qt5Cored.lib Qt5Guid.lib Qt5Widgetsd.lib Qt5Networkd.lib kernel32.lib user32.lib gdi32.lib winspool.lib comdlg32.lib advapi32.lib shell32.lib ole32.lib oleaut32.lib uuid.lib odbc32.lib odbccp32.lib /MANIFEST /MANIFESTUAC:"level='asInvoker' uiAccess='false'" /manifest:embed /DEBUG /PDB:"c:\users\f_snchz\documents\visual studio 2013\Projects\DropBasket\Win32\Debug\DropBasket.pdb" /SUBSYSTEM:WINDOWS /TLBID:1 /DYNAMICBASE /NXCOMPAT /IMPLIB:"c:\users\f_snchz\documents\visual studio 2013\Projects\DropBasket\Win32\Debug\DropBasket.lib" /MACHINE:X86 /SAFESEH Debug\dropbasket.obj
         Debug\moc_dropbasket.obj
         Debug\qrc_dropbasket.obj
         Debug\main.obj
         DropBasket.vcxproj -> c:\users\f_snchz\documents\visual studio 2013\Projects\DropBasket\Win32\Debug\DropBasket.exe
     1>Done Building Project "c:\Users\F_SNCHZ\documents\visual studio 2013\Projects\DropBasket\DropBasket\DropBasket.vcxproj" (Build target(s)).

Build succeeded.

Time Elapsed 00:00:05.40
